\BOOKMARK [1][-]{section.1}{Income by Duration of Retirement}{}% 1
\BOOKMARK [1][-]{section.2}{Expenditure Breakdown by Duration of Retirement}{}% 2
\BOOKMARK [1][-]{section.3}{Total Nondurable expenditure \(unsmoothed\)}{}% 3
\BOOKMARK [1][-]{section.4}{Expenditure based on tertiles \(smoothed\)}{}% 4
\BOOKMARK [1][-]{section.5}{Expenditure Regressions}{}% 5
\BOOKMARK [2][-]{subsection.5.1}{Regression table with nondurables expenditure}{section.5}% 6
\BOOKMARK [2][-]{subsection.5.2}{Regression table with nondurables expenditure w/o health expenditure}{section.5}% 7
\BOOKMARK [2][-]{subsection.5.3}{Regression table with nondurables expenditure without Health and Education Expenditure}{section.5}% 8
\BOOKMARK [1][-]{section.6}{Expenditure Regressions: interact retirement with tertiles}{}% 9
\BOOKMARK [2][-]{subsection.6.1}{Regression table with nondurables expenditure}{section.6}% 10
\BOOKMARK [2][-]{subsection.6.2}{Regression table with nondurables expenditure w/o health expenditure}{section.6}% 11
\BOOKMARK [2][-]{subsection.6.3}{Regression table with nondurables expenditure without Health and Education Expenditure}{section.6}% 12
\BOOKMARK [1][-]{section.7}{Expenditure Breakdown Before and After Retirement}{}% 13
\BOOKMARK [2][-]{subsection.7.1}{Food at Home Expenditure}{section.7}% 14
\BOOKMARK [2][-]{subsection.7.2}{Food Away from Home Expenditure}{section.7}% 15
\BOOKMARK [2][-]{subsection.7.3}{Education Expenditure}{section.7}% 16
\BOOKMARK [2][-]{subsection.7.4}{Health Expenditure}{section.7}% 17
\BOOKMARK [2][-]{subsection.7.5}{Housing Expenditure}{section.7}% 18
\BOOKMARK [2][-]{subsection.7.6}{Nondurable Transportation Expenditure}{section.7}% 19
\BOOKMARK [2][-]{subsection.7.7}{Recreation Expenditure}{section.7}% 20
\BOOKMARK [2][-]{subsection.7.8}{Clothing Expenditure}{section.7}% 21
