This is pdfTeX, Version 3.14159265-2.6-1.40.18 (TeX Live 2017/W32TeX) (preloaded format=pdflatex 2018.3.1)  25 JUL 2018 15:17
entering extended mode
 restricted \write18 enabled.
 %&-line parsing enabled.
**./Highlights_July25.tex
(./Highlights_July25.tex
LaTeX2e <2017-04-15>
Babel <3.18> and hyphenation patterns for 84 language(s) loaded.
(c:/texlive/2017/texmf-dist/tex/latex/base/article.cls
Document Class: article 2014/09/29 v1.4h Standard LaTeX document class
(c:/texlive/2017/texmf-dist/tex/latex/base/size10.clo
File: size10.clo 2014/09/29 v1.4h Standard LaTeX file (size option)
)
\c@part=\count79
\c@section=\count80
\c@subsection=\count81
\c@subsubsection=\count82
\c@paragraph=\count83
\c@subparagraph=\count84
\c@figure=\count85
\c@table=\count86
\abovecaptionskip=\skip41
\belowcaptionskip=\skip42
\bibindent=\dimen102
)
(c:/texlive/2017/texmf-dist/tex/latex/amsmath/amsmath.sty
Package: amsmath 2017/09/02 v2.17a AMS math features
\@mathmargin=\skip43

For additional information on amsmath, use the `?' option.
(c:/texlive/2017/texmf-dist/tex/latex/amsmath/amstext.sty
Package: amstext 2000/06/29 v2.01 AMS text

(c:/texlive/2017/texmf-dist/tex/latex/amsmath/amsgen.sty
File: amsgen.sty 1999/11/30 v2.0 generic functions
\@emptytoks=\toks14
\ex@=\dimen103
))
(c:/texlive/2017/texmf-dist/tex/latex/amsmath/amsbsy.sty
Package: amsbsy 1999/11/29 v1.2d Bold Symbols
\pmbraise@=\dimen104
)
(c:/texlive/2017/texmf-dist/tex/latex/amsmath/amsopn.sty
Package: amsopn 2016/03/08 v2.02 operator names
)
\inf@bad=\count87
LaTeX Info: Redefining \frac on input line 213.
\uproot@=\count88
\leftroot@=\count89
LaTeX Info: Redefining \overline on input line 375.
\classnum@=\count90
\DOTSCASE@=\count91
LaTeX Info: Redefining \ldots on input line 472.
LaTeX Info: Redefining \dots on input line 475.
LaTeX Info: Redefining \cdots on input line 596.
\Mathstrutbox@=\box26
\strutbox@=\box27
\big@size=\dimen105
LaTeX Font Info:    Redeclaring font encoding OML on input line 712.
LaTeX Font Info:    Redeclaring font encoding OMS on input line 713.
\macc@depth=\count92
\c@MaxMatrixCols=\count93
\dotsspace@=\muskip10
\c@parentequation=\count94
\dspbrk@lvl=\count95
\tag@help=\toks15
\row@=\count96
\column@=\count97
\maxfields@=\count98
\andhelp@=\toks16
\eqnshift@=\dimen106
\alignsep@=\dimen107
\tagshift@=\dimen108
\tagwidth@=\dimen109
\totwidth@=\dimen110
\lineht@=\dimen111
\@envbody=\toks17
\multlinegap=\skip44
\multlinetaggap=\skip45
\mathdisplay@stack=\toks18
LaTeX Info: Redefining \[ on input line 2817.
LaTeX Info: Redefining \] on input line 2818.
)
(c:/texlive/2017/texmf-dist/tex/latex/amscls/amsthm.sty
Package: amsthm 2017/10/31 v2.20.4
\thm@style=\toks19
\thm@bodyfont=\toks20
\thm@headfont=\toks21
\thm@notefont=\toks22
\thm@headpunct=\toks23
\thm@preskip=\skip46
\thm@postskip=\skip47
\thm@headsep=\skip48
\dth@everypar=\toks24
)
(c:/texlive/2017/texmf-dist/tex/latex/amsfonts/amssymb.sty
Package: amssymb 2013/01/14 v3.01 AMS font symbols

(c:/texlive/2017/texmf-dist/tex/latex/amsfonts/amsfonts.sty
Package: amsfonts 2013/01/14 v3.01 Basic AMSFonts support
\symAMSa=\mathgroup4
\symAMSb=\mathgroup5
LaTeX Font Info:    Overwriting math alphabet `\mathfrak' in version `bold'
(Font)                  U/euf/m/n --> U/euf/b/n on input line 106.
))
(c:/texlive/2017/texmf-dist/tex/latex/graphics/lscape.sty
Package: lscape 2000/10/22 v3.01 Landscape Pages (DPC)

(c:/texlive/2017/texmf-dist/tex/latex/graphics/graphics.sty
Package: graphics 2017/06/25 v1.2c Standard LaTeX Graphics (DPC,SPQR)

(c:/texlive/2017/texmf-dist/tex/latex/graphics/trig.sty
Package: trig 2016/01/03 v1.10 sin cos tan (DPC)
)
(c:/texlive/2017/texmf-dist/tex/latex/graphics-cfg/graphics.cfg
File: graphics.cfg 2016/06/04 v1.11 sample graphics configuration
)
Package graphics Info: Driver file: pdftex.def on input line 99.

(c:/texlive/2017/texmf-dist/tex/latex/graphics-def/pdftex.def
File: pdftex.def 2018/01/08 v1.0l Graphics/color driver for pdftex
)))
(c:/texlive/2017/texmf-dist/tex/latex/natbib/natbib.sty
Package: natbib 2010/09/13 8.31b (PWD, AO)
\bibhang=\skip49
\bibsep=\skip50
LaTeX Info: Redefining \cite on input line 694.
\c@NAT@ctr=\count99
)
(c:/texlive/2017/texmf-dist/tex/latex/oberdiek/epstopdf.sty
Package: epstopdf 2016/05/15 v2.6 Conversion with epstopdf on the fly (HO)

(c:/texlive/2017/texmf-dist/tex/latex/oberdiek/epstopdf-base.sty
Package: epstopdf-base 2016/05/15 v2.6 Base part for package epstopdf

(c:/texlive/2017/texmf-dist/tex/generic/oberdiek/infwarerr.sty
Package: infwarerr 2016/05/16 v1.4 Providing info/warning/error messages (HO)
)
(c:/texlive/2017/texmf-dist/tex/latex/oberdiek/grfext.sty
Package: grfext 2016/05/16 v1.2 Manage graphics extensions (HO)

(c:/texlive/2017/texmf-dist/tex/generic/oberdiek/kvdefinekeys.sty
Package: kvdefinekeys 2016/05/16 v1.4 Define keys (HO)

(c:/texlive/2017/texmf-dist/tex/generic/oberdiek/ltxcmds.sty
Package: ltxcmds 2016/05/16 v1.23 LaTeX kernel commands for general use (HO)
)))
(c:/texlive/2017/texmf-dist/tex/latex/oberdiek/kvoptions.sty
Package: kvoptions 2016/05/16 v3.12 Key value format for package options (HO)

(c:/texlive/2017/texmf-dist/tex/latex/graphics/keyval.sty
Package: keyval 2014/10/28 v1.15 key=value parser (DPC)
\KV@toks@=\toks25
)
(c:/texlive/2017/texmf-dist/tex/generic/oberdiek/kvsetkeys.sty
Package: kvsetkeys 2016/05/16 v1.17 Key value parser (HO)

(c:/texlive/2017/texmf-dist/tex/generic/oberdiek/etexcmds.sty
Package: etexcmds 2016/05/16 v1.6 Avoid name clashes with e-TeX commands (HO)

(c:/texlive/2017/texmf-dist/tex/generic/oberdiek/ifluatex.sty
Package: ifluatex 2016/05/16 v1.4 Provides the ifluatex switch (HO)
Package ifluatex Info: LuaTeX not detected.
)
Package etexcmds Info: Could not find \expanded.
(etexcmds)             That can mean that you are not using pdfTeX 1.50 or
(etexcmds)             that some package has redefined \expanded.
(etexcmds)             In the latter case, load this package earlier.
)))
(c:/texlive/2017/texmf-dist/tex/generic/oberdiek/pdftexcmds.sty
Package: pdftexcmds 2018/01/21 v0.26 Utility functions of pdfTeX for LuaTeX (HO
)

(c:/texlive/2017/texmf-dist/tex/generic/oberdiek/ifpdf.sty
Package: ifpdf 2017/03/15 v3.2 Provides the ifpdf switch
)
Package pdftexcmds Info: LuaTeX not detected.
Package pdftexcmds Info: \pdf@primitive is available.
Package pdftexcmds Info: \pdf@ifprimitive is available.
Package pdftexcmds Info: \pdfdraftmode found.
)
Package epstopdf-base Info: Redefining graphics rule for `.eps' on input line 4
38.
Package grfext Info: Graphics extension search list:
(grfext)             [.pdf,.png,.jpg,.mps,.jpeg,.jbig2,.jb2,.PDF,.PNG,.JPG,.JPE
G,.JBIG2,.JB2,.eps]
(grfext)             \AppendGraphicsExtensions on input line 456.

(c:/texlive/2017/texmf-dist/tex/latex/latexconfig/epstopdf-sys.cfg
File: epstopdf-sys.cfg 2010/07/13 v1.3 Configuration of (r)epstopdf for TeX Liv
e
)))
(c:/texlive/2017/texmf-dist/tex/latex/cases/cases.sty
Package: cases 2002/05/02 ver 2.5 
)
(c:/texlive/2017/texmf-dist/tex/latex/bbm-macros/bbm.sty
Package: bbm 1999/03/15 V 1.2 provides fonts for set symbols - TH
LaTeX Font Info:    Overwriting math alphabet `\mathbbm' in version `bold'
(Font)                  U/bbm/m/n --> U/bbm/bx/n on input line 33.
LaTeX Font Info:    Overwriting math alphabet `\mathbbmss' in version `bold'
(Font)                  U/bbmss/m/n --> U/bbmss/bx/n on input line 35.
)
(c:/texlive/2017/texmf-dist/tex/latex/tools/indentfirst.sty
Package: indentfirst 1995/11/23 v1.03 Indent first paragraph (DPC)
)
(c:/texlive/2017/texmf-dist/tex/latex/graphics/graphicx.sty
Package: graphicx 2017/06/01 v1.1a Enhanced LaTeX Graphics (DPC,SPQR)
\Gin@req@height=\dimen112
\Gin@req@width=\dimen113
)
(c:/texlive/2017/texmf-dist/tex/latex/colortbl/colortbl.sty
Package: colortbl 2012/02/13 v1.0a Color table columns (DPC)

(c:/texlive/2017/texmf-dist/tex/latex/tools/array.sty
Package: array 2016/10/06 v2.4d Tabular extension package (FMi)
\col@sep=\dimen114
\extrarowheight=\dimen115
\NC@list=\toks26
\extratabsurround=\skip51
\backup@length=\skip52
)
(c:/texlive/2017/texmf-dist/tex/latex/graphics/color.sty
Package: color 2016/07/10 v1.1e Standard LaTeX Color (DPC)

(c:/texlive/2017/texmf-dist/tex/latex/graphics-cfg/color.cfg
File: color.cfg 2016/01/02 v1.6 sample color configuration
)
Package color Info: Driver file: pdftex.def on input line 147.
)
\everycr=\toks27
\minrowclearance=\skip53
)
(c:/texlive/2017/texmf-dist/tex/latex/caption/caption.sty
Package: caption 2016/02/21 v3.3-144 Customizing captions (AR)

(c:/texlive/2017/texmf-dist/tex/latex/caption/caption3.sty
Package: caption3 2016/05/22 v1.7-166 caption3 kernel (AR)
Package caption3 Info: TeX engine: e-TeX on input line 67.
\captionmargin=\dimen116
\captionmargin@=\dimen117
\captionwidth=\dimen118
\caption@tempdima=\dimen119
\caption@indent=\dimen120
\caption@parindent=\dimen121
\caption@hangindent=\dimen122
)
\c@ContinuedFloat=\count100
)
(c:/texlive/2017/texmf-dist/tex/latex/setspace/setspace.sty
Package: setspace 2011/12/19 v6.7a set line spacing
)
(c:/texlive/2017/texmf-dist/tex/latex/geometry/geometry.sty
Package: geometry 2010/09/12 v5.6 Page Geometry

(c:/texlive/2017/texmf-dist/tex/generic/oberdiek/ifvtex.sty
Package: ifvtex 2016/05/16 v1.6 Detect VTeX and its facilities (HO)
Package ifvtex Info: VTeX not detected.
)
(c:/texlive/2017/texmf-dist/tex/generic/ifxetex/ifxetex.sty
Package: ifxetex 2010/09/12 v0.6 Provides ifxetex conditional
)
\Gm@cnth=\count101
\Gm@cntv=\count102
\c@Gm@tempcnt=\count103
\Gm@bindingoffset=\dimen123
\Gm@wd@mp=\dimen124
\Gm@odd@mp=\dimen125
\Gm@even@mp=\dimen126
\Gm@layoutwidth=\dimen127
\Gm@layoutheight=\dimen128
\Gm@layouthoffset=\dimen129
\Gm@layoutvoffset=\dimen130
\Gm@dimlist=\toks28
)
(c:/texlive/2017/texmf-dist/tex/latex/footmisc/footmisc.sty
Package: footmisc 2011/06/06 v5.5b a miscellany of footnote facilities
\FN@temptoken=\toks29
\footnotemargin=\dimen131
\c@pp@next@reset=\count104
Package footmisc Info: Declaring symbol style bringhurst on input line 855.
Package footmisc Info: Declaring symbol style chicago on input line 863.
Package footmisc Info: Declaring symbol style wiley on input line 872.
Package footmisc Info: Declaring symbol style lamport-robust on input line 883.

Package footmisc Info: Declaring symbol style lamport* on input line 903.
Package footmisc Info: Declaring symbol style lamport*-robust on input line 924
.
)
(c:/texlive/2017/texmf-dist/tex/latex/endnotes/endnotes.sty
\c@endnote=\count105
\endnotesep=\dimen132
\@enotes=\write3
)
(c:/texlive/2017/texmf-dist/tex/latex/graphics/rotating.sty
Package: rotating 2016/08/11 v2.16d rotated objects in LaTeX

(c:/texlive/2017/texmf-dist/tex/latex/base/ifthen.sty
Package: ifthen 2014/09/29 v1.1c Standard LaTeX ifthen package (DPC)
)
\c@r@tfl@t=\count106
\rotFPtop=\skip54
\rotFPbot=\skip55
\rot@float@box=\box28
\rot@mess@toks=\toks30
)
(c:/texlive/2017/texmf-dist/tex/latex/tools/xr.sty
Package: xr 1994/05/28 v5.02 eXternal References (DPC)
)
(c:/texlive/2017/texmf-dist/tex/latex/hyperref/xr-hyper.sty
Package: xr-hyper 2000/03/22 v6.00beta4 eXternal References (DPC)
)
(c:/texlive/2017/texmf-dist/tex/latex/hyperref/hyperref.sty
Package: hyperref 2018/02/06 v6.86b Hypertext links for LaTeX

(c:/texlive/2017/texmf-dist/tex/generic/oberdiek/hobsub-hyperref.sty
Package: hobsub-hyperref 2016/05/16 v1.14 Bundle oberdiek, subset hyperref (HO)


(c:/texlive/2017/texmf-dist/tex/generic/oberdiek/hobsub-generic.sty
Package: hobsub-generic 2016/05/16 v1.14 Bundle oberdiek, subset generic (HO)
Package: hobsub 2016/05/16 v1.14 Construct package bundles (HO)
Package hobsub Info: Skipping package `infwarerr' (already loaded).
Package hobsub Info: Skipping package `ltxcmds' (already loaded).
Package hobsub Info: Skipping package `ifluatex' (already loaded).
Package hobsub Info: Skipping package `ifvtex' (already loaded).
Package: intcalc 2016/05/16 v1.2 Expandable calculations with integers (HO)
Package hobsub Info: Skipping package `ifpdf' (already loaded).
Package hobsub Info: Skipping package `etexcmds' (already loaded).
Package hobsub Info: Skipping package `kvsetkeys' (already loaded).
Package hobsub Info: Skipping package `kvdefinekeys' (already loaded).
Package hobsub Info: Skipping package `pdftexcmds' (already loaded).
Package: pdfescape 2016/05/16 v1.14 Implements pdfTeX's escape features (HO)
Package: bigintcalc 2016/05/16 v1.4 Expandable calculations on big integers (HO
)
Package: bitset 2016/05/16 v1.2 Handle bit-vector datatype (HO)
Package: uniquecounter 2016/05/16 v1.3 Provide unlimited unique counter (HO)
)
Package hobsub Info: Skipping package `hobsub' (already loaded).
Package: letltxmacro 2016/05/16 v1.5 Let assignment for LaTeX macros (HO)
Package: hopatch 2016/05/16 v1.3 Wrapper for package hooks (HO)
Package: xcolor-patch 2016/05/16 xcolor patch
Package: atveryend 2016/05/16 v1.9 Hooks at the very end of document (HO)
Package atveryend Info: \enddocument detected (standard20110627).
Package: atbegshi 2016/06/09 v1.18 At begin shipout hook (HO)
Package: refcount 2016/05/16 v3.5 Data extraction from label references (HO)
Package: hycolor 2016/05/16 v1.8 Color options for hyperref/bookmark (HO)
)
(c:/texlive/2017/texmf-dist/tex/latex/oberdiek/auxhook.sty
Package: auxhook 2016/05/16 v1.4 Hooks for auxiliary files (HO)
)
\@linkdim=\dimen133
\Hy@linkcounter=\count107
\Hy@pagecounter=\count108

(c:/texlive/2017/texmf-dist/tex/latex/hyperref/pd1enc.def
File: pd1enc.def 2018/02/06 v6.86b Hyperref: PDFDocEncoding definition (HO)
)
\Hy@SavedSpaceFactor=\count109

(c:/texlive/2017/texmf-dist/tex/latex/latexconfig/hyperref.cfg
File: hyperref.cfg 2002/06/06 v1.2 hyperref configuration of TeXLive
)
Package hyperref Info: Hyper figures OFF on input line 4509.
Package hyperref Info: Link nesting OFF on input line 4514.
Package hyperref Info: Hyper index ON on input line 4517.
Package hyperref Info: Plain pages OFF on input line 4524.
Package hyperref Info: Backreferencing ON on input line 4527.
Package hyperref Info: Implicit mode ON; LaTeX internals redefined.
Package hyperref Info: Bookmarks ON on input line 4762.

(c:/texlive/2017/texmf-dist/tex/latex/hyperref/backref.sty
Package: backref 2016/05/21 v1.39 Bibliographical back referencing

(c:/texlive/2017/texmf-dist/tex/latex/oberdiek/rerunfilecheck.sty
Package: rerunfilecheck 2016/05/16 v1.8 Rerun checks for auxiliary files (HO)
Package uniquecounter Info: New unique counter `rerunfilecheck' on input line 2
82.
))
\c@Hy@tempcnt=\count110

(c:/texlive/2017/texmf-dist/tex/latex/url/url.sty
\Urlmuskip=\muskip11
Package: url 2013/09/16  ver 3.4  Verb mode for urls, etc.
)
LaTeX Info: Redefining \url on input line 5115.
\XeTeXLinkMargin=\dimen134
\Fld@menulength=\count111
\Field@Width=\dimen135
\Fld@charsize=\dimen136
Package hyperref Info: Hyper figures OFF on input line 6369.
Package hyperref Info: Link nesting OFF on input line 6374.
Package hyperref Info: Hyper index ON on input line 6377.
Package hyperref Info: backreferencing ON on input line 6382.
Package hyperref Info: Link coloring OFF on input line 6389.
Package hyperref Info: Link coloring with OCG OFF on input line 6394.
Package hyperref Info: PDF/A mode OFF on input line 6399.
LaTeX Info: Redefining \ref on input line 6439.
LaTeX Info: Redefining \pageref on input line 6443.
\Hy@abspage=\count112
\c@Item=\count113
\c@Hfootnote=\count114
)
Package hyperref Info: Driver (autodetected): hpdftex.

(c:/texlive/2017/texmf-dist/tex/latex/hyperref/hpdftex.def
File: hpdftex.def 2018/02/06 v6.86b Hyperref driver for pdfTeX
\Fld@listcount=\count115
\c@bookmark@seq@number=\count116
\Hy@SectionHShift=\skip56
)
(c:/texlive/2017/texmf-dist/tex/latex/placeins/placeins.sty
Package: placeins 2005/04/18  v 2.2
)
(c:/texlive/2017/texmf-dist/tex/latex/oberdiek/pdflscape.sty
Package: pdflscape 2016/05/14 v0.11 Display of landscape pages in PDF (HO)
Package pdflscape Info: Auto-detected driver: pdftex on input line 81.
)
(c:/texlive/2017/texmf-dist/tex/latex/float/float.sty
Package: float 2001/11/08 v1.3d Float enhancements (AL)
\c@float@type=\count117
\float@exts=\toks31
\float@box=\box29
\@float@everytoks=\toks32
\@floatcapt=\box30
)
(c:/texlive/2017/texmf-dist/tex/latex/caption/subcaption.sty
Package: subcaption 2016/05/22 v1.1-161 Sub-captions (AR)
\c@subfigure=\count118
\c@subtable=\count119
)
(c:/texlive/2017/texmf-dist/tex/latex/pstricks/pstricks.sty
Package: pstricks 2018/01/06 v0.67 LaTeX wrapper for `PSTricks' (RN,HV)

(c:/texlive/2017/texmf-dist/tex/generic/iftex/iftex.sty
Package: iftex 2013/04/04 v0.2 Provides if(tex) conditional for PDFTeX, XeTeX, 
and LuaTeX
)
(c:/texlive/2017/texmf-dist/tex/latex/tools/shellesc.sty
Package: shellesc 2016/06/07 v0.02a unified shell escape interface for LaTeX
Package shellesc Info: Restricted shell escape enabled on input line 69.
)
(c:/texlive/2017/texmf-dist/tex/latex/xcolor/xcolor.sty
Package: xcolor 2016/05/11 v2.12 LaTeX color extensions (UK)

(c:/texlive/2017/texmf-dist/tex/latex/graphics-cfg/color.cfg
File: color.cfg 2016/01/02 v1.6 sample color configuration
)
Package xcolor Info: Driver file: pdftex.def on input line 225.
LaTeX Info: Redefining \color on input line 709.
Package xcolor Info: Model `cmy' substituted by `cmy0' on input line 1348.
Package xcolor Info: Model `hsb' substituted by `rgb' on input line 1352.
Package xcolor Info: Model `RGB' extended on input line 1364.
Package xcolor Info: Model `HTML' substituted by `rgb' on input line 1366.
Package xcolor Info: Model `Hsb' substituted by `hsb' on input line 1367.
Package xcolor Info: Model `tHsb' substituted by `hsb' on input line 1368.
Package xcolor Info: Model `HSB' substituted by `hsb' on input line 1369.
Package xcolor Info: Model `Gray' substituted by `gray' on input line 1370.
Package xcolor Info: Model `wave' substituted by `hsb' on input line 1371.
)
(c:/texlive/2017/texmf-dist/tex/generic/xkeyval/pst-xkey.tex
File: pst-xkey.tex 2005/11/25 v1.6 PSTricks specialization of xkeyval (HA)

(c:/texlive/2017/texmf-dist/tex/latex/xkeyval/xkeyval.sty
Package: xkeyval 2014/12/03 v2.7a package option processing (HA)

(c:/texlive/2017/texmf-dist/tex/generic/xkeyval/xkeyval.tex
(c:/texlive/2017/texmf-dist/tex/generic/xkeyval/xkvutils.tex
\XKV@toks=\toks33
\XKV@tempa@toks=\toks34
)
\XKV@depth=\count120
File: xkeyval.tex 2014/12/03 v2.7a key=value parser (HA)
)))
(c:/texlive/2017/texmf-dist/tex/generic/pstricks/pstricks.tex
(c:/texlive/2017/texmf-dist/tex/generic/pstricks/pst-fp.tex
`pst-fp' v0.05, 2010/01/17 (hv)
\pstFP@xs=\count121
\pstFP@xia=\count122
\pstFP@xib=\count123
\pstFP@xfa=\count124
\pstFP@xfb=\count125
\pstFP@rega=\count126
\pstFP@regb=\count127
\pstFP@regs=\count128
\pstFP@times=\count129
)
(c:/texlive/2017/texmf-dist/tex/generic/pgf/utilities/pgfutil-common.tex
\pgfutil@everybye=\toks35
\pgfutil@tempdima=\dimen137
\pgfutil@tempdimb=\dimen138

(c:/texlive/2017/texmf-dist/tex/generic/pgf/utilities/pgfutil-common-lists.tex)
) (c:/texlive/2017/texmf-dist/tex/generic/pgf/utilities/pgfkeys.code.tex
\pgfkeys@pathtoks=\toks36
\pgfkeys@temptoks=\toks37

(c:/texlive/2017/texmf-dist/tex/generic/pgf/utilities/pgfkeysfiltered.code.tex
\pgfkeys@tmptoks=\toks38
)) (c:/texlive/2017/texmf-dist/tex/generic/pgf/utilities/pgffor.code.tex
(c:/texlive/2017/texmf-dist/tex/generic/pgf/math/pgfmath.code.tex
(c:/texlive/2017/texmf-dist/tex/generic/pgf/math/pgfmathcalc.code.tex
(c:/texlive/2017/texmf-dist/tex/generic/pgf/math/pgfmathutil.code.tex
\pgf@x=\dimen139
\pgf@xa=\dimen140
\pgf@xb=\dimen141
\pgf@xc=\dimen142
\pgf@y=\dimen143
\pgf@ya=\dimen144
\pgf@yb=\dimen145
\pgf@yc=\dimen146
\c@pgf@counta=\count130
\c@pgf@countb=\count131
\c@pgf@countc=\count132
\c@pgf@countd=\count133
\pgfutil@tempcnta=\count134
\pgfutil@tempcntb=\count135
)
(c:/texlive/2017/texmf-dist/tex/generic/pgf/math/pgfmathparser.code.tex
\pgfmath@dimen=\dimen147
\pgfmath@count=\count136
\pgfmath@box=\box31
\pgfmath@toks=\toks39
\pgfmath@stack@operand=\toks40
\pgfmath@stack@operation=\toks41
)
(c:/texlive/2017/texmf-dist/tex/generic/pgf/math/pgfmathfunctions.code.tex
(c:/texlive/2017/texmf-dist/tex/generic/pgf/math/pgfmathfunctions.basic.code.te
x)
(c:/texlive/2017/texmf-dist/tex/generic/pgf/math/pgfmathfunctions.trigonometric
.code.tex)
(c:/texlive/2017/texmf-dist/tex/generic/pgf/math/pgfmathfunctions.random.code.t
ex)
(c:/texlive/2017/texmf-dist/tex/generic/pgf/math/pgfmathfunctions.comparison.co
de.tex)
(c:/texlive/2017/texmf-dist/tex/generic/pgf/math/pgfmathfunctions.base.code.tex
)
(c:/texlive/2017/texmf-dist/tex/generic/pgf/math/pgfmathfunctions.round.code.te
x)
(c:/texlive/2017/texmf-dist/tex/generic/pgf/math/pgfmathfunctions.misc.code.tex
)
(c:/texlive/2017/texmf-dist/tex/generic/pgf/math/pgfmathfunctions.integerarithm
etics.code.tex)))
(c:/texlive/2017/texmf-dist/tex/generic/pgf/math/pgfmathfloat.code.tex
\c@pgfmathroundto@lastzeros=\count137
))
\pgffor@iter=\dimen148
\pgffor@skip=\dimen149
\pgffor@stack=\toks42
\pgffor@toks=\toks43
)
\psLoopIndex=\count138

`PSTricks' v2.82  <2018/01/06> (tvz,hv)
\pst@dima=\dimen150
\pst@dimb=\dimen151
\pst@dimc=\dimen152
\pst@dimd=\dimen153
\pst@dimg=\dimen154
\pst@dimh=\dimen155
\pst@dimm=\dimen156
\pst@dimn=\dimen157
\pst@dimo=\dimen158
\pst@dimp=\dimen159
\pst@hbox=\box32
\pst@ibox=\box33
\pst@boxg=\box34
\pst@cnta=\count139
\pst@cntb=\count140
\pst@cntc=\count141
\pst@cntd=\count142
\pst@cntg=\count143
\pst@cnth=\count144
\pst@cntm=\count145
\pst@cntn=\count146
\pst@cnto=\count147
\pst@cntp=\count148
\@zero=\count149
\pst@toks=\toks44
(c:/texlive/2017/texmf-dist/tex/generic/pstricks/pstricks.con)
\psunit=\dimen160
\psxunit=\dimen161
\psyunit=\dimen162
\pst@C@@rType=\count150
\pslinewidth=\dimen163
\psk@startLW=\dimen164
\psk@endLW=\dimen165
\pst@customdefs=\toks45
\pslinearc=\dimen166
\pst@symbolStep=\dimen167
\pst@symbolWidth=\dimen168
\pst@symbolLinewidth=\dimen169
\everypsbox=\toks46
\psframesep=\dimen170
\pslabelsep=\dimen171
\sh@wgridXunit=\dimen172
\sh@wgridYunit=\dimen173
\pst@shift=\dimen174
)
File: pstricks.tex 2018/01/06 v2.82 `PSTricks' (tvz,hv)

(c:/texlive/2017/texmf-dist/tex/generic/pstricks/pst-fp.tex)
File: pst-fp.tex 2018/01/06 v2.82 `PST-fp' (hv)
)
Package hyperref Info: Option `colorlinks' set `true' on input line 54.

(c:/texlive/2017/texmf-dist/tex/latex/pstricks/pstcol.sty
Package: pstcol 2007/04/11 v1.3 LaTeX wrapper for `PSTricks' (RN,HV)


Package pstcol Warning: ************************************ 
(pstcol)                The package `pstcol' is obsolet! 
(pstcol)                You should use `pstricks' directly: 
(pstcol)                    \usepackage{pstricks}
(pstcol)                ************************************.

) (./Highlights_July25.aux)
\openout1 = `Highlights_July25.aux'.

LaTeX Font Info:    Checking defaults for OML/cmm/m/it on input line 65.
LaTeX Font Info:    ... okay on input line 65.
LaTeX Font Info:    Checking defaults for T1/cmr/m/n on input line 65.
LaTeX Font Info:    ... okay on input line 65.
LaTeX Font Info:    Checking defaults for OT1/cmr/m/n on input line 65.
LaTeX Font Info:    ... okay on input line 65.
LaTeX Font Info:    Checking defaults for OMS/cmsy/m/n on input line 65.
LaTeX Font Info:    ... okay on input line 65.
LaTeX Font Info:    Checking defaults for OMX/cmex/m/n on input line 65.
LaTeX Font Info:    ... okay on input line 65.
LaTeX Font Info:    Checking defaults for U/cmr/m/n on input line 65.
LaTeX Font Info:    ... okay on input line 65.
LaTeX Font Info:    Checking defaults for PD1/pdf/m/n on input line 65.
LaTeX Font Info:    ... okay on input line 65.

(c:/texlive/2017/texmf-dist/tex/context/base/mkii/supp-pdf.mkii
[Loading MPS to PDF converter (version 2006.09.02).]
\scratchcounter=\count151
\scratchdimen=\dimen175
\scratchbox=\box35
\nofMPsegments=\count152
\nofMParguments=\count153
\everyMPshowfont=\toks47
\MPscratchCnt=\count154
\MPscratchDim=\dimen176
\MPnumerator=\count155
\makeMPintoPDFobject=\count156
\everyMPtoPDFconversion=\toks48
)
Package caption Info: Begin \AtBeginDocument code.
Package caption Info: float package is loaded.
Package caption Info: hyperref package is loaded.
Package caption Info: rotating package is loaded.
Package caption Info: End \AtBeginDocument code.

*geometry* driver: auto-detecting
*geometry* detected driver: pdftex
*geometry* verbose mode - [ preamble ] result:
* driver: pdftex
* paper: a4paper
* layout: <same size as paper>
* layoutoffset:(h,v)=(0.0pt,0.0pt)
* modes: 
* h-part:(L,W,R)=(72.26999pt, 434.90039pt, 90.3375pt)
* v-part:(T,H,B)=(72.26999pt, 700.50687pt, 72.26999pt)
* \paperwidth=597.50787pt
* \paperheight=845.04684pt
* \textwidth=434.90039pt
* \textheight=700.50687pt
* \oddsidemargin=0.0pt
* \evensidemargin=0.0pt
* \topmargin=0.0pt
* \headheight=0.0pt
* \headsep=0.0pt
* \topskip=10.0pt
* \footskip=30.0pt
* \marginparwidth=57.0pt
* \marginparsep=11.0pt
* \columnsep=10.0pt
* \skip\footins=9.0pt plus 4.0pt minus 2.0pt
* \hoffset=0.0pt
* \voffset=0.0pt
* \mag=1000
* \@twocolumnfalse
* \@twosidefalse
* \@mparswitchfalse
* \@reversemarginfalse
* (1in=72.27pt=25.4mm, 1cm=28.453pt)

\AtBeginShipoutBox=\box36
Package backref Info: ** backref set up for natbib ** on input line 65.
Package hyperref Info: Link coloring ON on input line 65.
(c:/texlive/2017/texmf-dist/tex/latex/hyperref/nameref.sty
Package: nameref 2016/05/21 v2.44 Cross-referencing by name of section

(c:/texlive/2017/texmf-dist/tex/generic/oberdiek/gettitlestring.sty
Package: gettitlestring 2016/05/16 v1.5 Cleanup title references (HO)
)
\c@section@level=\count157
)
LaTeX Info: Redefining \ref on input line 65.
LaTeX Info: Redefining \pageref on input line 65.
LaTeX Info: Redefining \nameref on input line 65.

(./Highlights_July25.out) (./Highlights_July25.out)
\@outlinefile=\write4
\openout4 = `Highlights_July25.out'.

LaTeX Font Info:    Try loading font information for U+msa on input line 70.

(c:/texlive/2017/texmf-dist/tex/latex/amsfonts/umsa.fd
File: umsa.fd 2013/01/14 v3.01 AMS symbols A
)
LaTeX Font Info:    Try loading font information for U+msb on input line 70.

(c:/texlive/2017/texmf-dist/tex/latex/amsfonts/umsb.fd
File: umsb.fd 2013/01/14 v3.01 AMS symbols B
)

LaTeX Warning: No \author given.

<../IncomeAroundRetirement/Income_with_spouse_definition_1.pdf, id=88, 397.485p
t x 289.08pt>
File: ../IncomeAroundRetirement/Income_with_spouse_definition_1.pdf Graphic fil
e (type pdf)
<use ../IncomeAroundRetirement/Income_with_spouse_definition_1.pdf>
Package pdftex.def Info: ../IncomeAroundRetirement/Income_with_spouse_definitio
n_1.pdf  used on input line 77.
(pdftex.def)             Requested size: 434.90039pt x 316.29956pt.
[1
Non-PDF special ignored!
Non-PDF special ignored!
Non-PDF special ignored!
Non-PDF special ignored!


Non-PDF special ignored!
Non-PDF special ignored!
Non-PDF special ignored!{c:/texlive/2017/texmf-var/fonts/map/pdftex/updmap/pdft
ex.map} <../IncomeAroundRetirement/Income_with_spouse_definition_1.pdf>]
<../ConsumptionPostRetirement/Tertile_Bar/tertile1.pdf, id=110, 397.485pt x 289
.08pt>
File: ../ConsumptionPostRetirement/Tertile_Bar/tertile1.pdf Graphic file (type 
pdf)
<use ../ConsumptionPostRetirement/Tertile_Bar/tertile1.pdf>
Package pdftex.def Info: ../ConsumptionPostRetirement/Tertile_Bar/tertile1.pdf 
 used on input line 90.
(pdftex.def)             Requested size: 391.40768pt x 284.66827pt.
<../ConsumptionPostRetirement/Tertile_Bar/tertile3.pdf, id=111, 397.485pt x 289
.08pt>
File: ../ConsumptionPostRetirement/Tertile_Bar/tertile3.pdf Graphic file (type 
pdf)
<use ../ConsumptionPostRetirement/Tertile_Bar/tertile3.pdf>
Package pdftex.def Info: ../ConsumptionPostRetirement/Tertile_Bar/tertile3.pdf 
 used on input line 102.
(pdftex.def)             Requested size: 391.40768pt x 284.66827pt.

[2

 <../ConsumptionPostRetirement/Tertile_Bar/tertile1.pdf> <../ConsumptionPostRet
irement/Tertile_Bar/tertile3.pdf>]
<../ConsumptionPostRetirement_by_SpouseDef/UnSmoothed/spouse_def_1.pdf, id=138,
 397.485pt x 289.08pt>
File: ../ConsumptionPostRetirement_by_SpouseDef/UnSmoothed/spouse_def_1.pdf Gra
phic file (type pdf)
<use ../ConsumptionPostRetirement_by_SpouseDef/UnSmoothed/spouse_def_1.pdf>
Package pdftex.def Info: ../ConsumptionPostRetirement_by_SpouseDef/UnSmoothed/s
pouse_def_1.pdf  used on input line 115.
(pdftex.def)             Requested size: 391.40768pt x 284.66827pt.
<../ConsumptionPostRetirement_by_SpouseDef/UnSmoothed/spouse_def_2.pdf, id=139,
 397.485pt x 289.08pt>
File: ../ConsumptionPostRetirement_by_SpouseDef/UnSmoothed/spouse_def_2.pdf Gra
phic file (type pdf)
<use ../ConsumptionPostRetirement_by_SpouseDef/UnSmoothed/spouse_def_2.pdf>
Package pdftex.def Info: ../ConsumptionPostRetirement_by_SpouseDef/UnSmoothed/s
pouse_def_2.pdf  used on input line 123.
(pdftex.def)             Requested size: 391.40768pt x 284.66827pt.
<../ConsumptionPostRetirement_by_SpouseDef/UnSmoothed/spouse_def_3.pdf, id=140,
 397.485pt x 289.08pt>
File: ../ConsumptionPostRetirement_by_SpouseDef/UnSmoothed/spouse_def_3.pdf Gra
phic file (type pdf)
<use ../ConsumptionPostRetirement_by_SpouseDef/UnSmoothed/spouse_def_3.pdf>
Package pdftex.def Info: ../ConsumptionPostRetirement_by_SpouseDef/UnSmoothed/s
pouse_def_3.pdf  used on input line 130.
(pdftex.def)             Requested size: 391.40768pt x 284.66827pt.
 [3

 <../ConsumptionPostRetirement_by_SpouseDef/UnSmoothed/spouse_def_1.pdf> <../Co
nsumptionPostRetirement_by_SpouseDef/UnSmoothed/spouse_def_2.pdf>] [4 <../Consu
mptionPostRetirement_by_SpouseDef/UnSmoothed/spouse_def_3.pdf>]
<../ConsumptionPostRetirement_by_SpouseDef/Smoothed/spouse_def_1.pdf, id=189, 3
97.485pt x 289.08pt>
File: ../ConsumptionPostRetirement_by_SpouseDef/Smoothed/spouse_def_1.pdf Graph
ic file (type pdf)
<use ../ConsumptionPostRetirement_by_SpouseDef/Smoothed/spouse_def_1.pdf>
Package pdftex.def Info: ../ConsumptionPostRetirement_by_SpouseDef/Smoothed/spo
use_def_1.pdf  used on input line 151.
(pdftex.def)             Requested size: 347.92163pt x 253.04141pt.
<../ConsumptionPostRetirement_by_SpouseDef/Smoothed_xhealth/spouse_def_1.pdf, i
d=190, 397.485pt x 289.08pt>
File: ../ConsumptionPostRetirement_by_SpouseDef/Smoothed_xhealth/spouse_def_1.p
df Graphic file (type pdf)
<use ../ConsumptionPostRetirement_by_SpouseDef/Smoothed_xhealth/spouse_def_1.pd
f>
Package pdftex.def Info: ../ConsumptionPostRetirement_by_SpouseDef/Smoothed_xhe
alth/spouse_def_1.pdf  used on input line 158.
(pdftex.def)             Requested size: 195.70384pt x 142.33414pt.
<../ConsumptionPostRetirement_by_SpouseDef/Smoothed_xhealth_educ/spouse_def_1.p
df, id=191, 397.485pt x 289.08pt>
File: ../ConsumptionPostRetirement_by_SpouseDef/Smoothed_xhealth_educ/spouse_de
f_1.pdf Graphic file (type pdf)
<use ../ConsumptionPostRetirement_by_SpouseDef/Smoothed_xhealth_educ/spouse_def
_1.pdf>
Package pdftex.def Info: ../ConsumptionPostRetirement_by_SpouseDef/Smoothed_xhe
alth_educ/spouse_def_1.pdf  used on input line 164.
(pdftex.def)             Requested size: 195.70384pt x 142.33414pt.

Overfull \hbox (32.89717pt too wide) in paragraph at lines 156--168
[]$[]$   $[]$ 
 []

[5

 <../ConsumptionPostRetirement_by_SpouseDef/Smoothed/spouse_def_1.pdf> <../Cons
umptionPostRetirement_by_SpouseDef/Smoothed_xhealth/spouse_def_1.pdf> <../Consu
mptionPostRetirement_by_SpouseDef/Smoothed_xhealth_educ/spouse_def_1.pdf>]
(../Regression_Table/Def_1/test_nond_expenditure_categories_1.tex) [6


]
(../Regression_Table/Def_1/test_nond_expenditure_categories_2.tex) [7

]
(../Regression_Table/Def_1/test_nond_expenditure_categories_3.tex) [8

]
(../Regression_Table/Def_1/By_tertile_test_nond_expenditure_categories_1.tex)
[9

]
(../Regression_Table/Def_1/By_tertile_test_nond_expenditure_categories_2.tex)
[10

]
(../Regression_Table/Def_1/By_tertile_test_nond_expenditure_categories_3.tex)
[11

] (../Regression_Table/Def_1/1_test_total_foodexp_home_real.tex)
<../ConsumptionPostRetirement_by_SpouseDef_Cats/Smoothed/1/spouse_def_total_foo
dexp_home_real.pdf, id=259, 397.485pt x 289.08pt>
File: ../ConsumptionPostRetirement_by_SpouseDef_Cats/Smoothed/1/spouse_def_tota
l_foodexp_home_real.pdf Graphic file (type pdf)
<use ../ConsumptionPostRetirement_by_SpouseDef_Cats/Smoothed/1/spouse_def_total
_foodexp_home_real.pdf>
Package pdftex.def Info: ../ConsumptionPostRetirement_by_SpouseDef_Cats/Smoothe
d/1/spouse_def_total_foodexp_home_real.pdf  used on input line 229.
(pdftex.def)             Requested size: 434.90039pt x 316.29956pt.
 [12


 <../ConsumptionPostRetirement_by_SpouseDef_Cats/Smoothed/1/spouse_def_total_fo
odexp_home_real.pdf>] (../Regression_Table/Def_1/1_test_total_foodexp_away_real
.tex)
<../ConsumptionPostRetirement_by_SpouseDef_Cats/Smoothed/1/spouse_def_total_foo
dexp_away_real.pdf, id=278, 397.485pt x 289.08pt>
File: ../ConsumptionPostRetirement_by_SpouseDef_Cats/Smoothed/1/spouse_def_tota
l_foodexp_away_real.pdf Graphic file (type pdf)
<use ../ConsumptionPostRetirement_by_SpouseDef_Cats/Smoothed/1/spouse_def_total
_foodexp_away_real.pdf>
Package pdftex.def Info: ../ConsumptionPostRetirement_by_SpouseDef_Cats/Smoothe
d/1/spouse_def_total_foodexp_away_real.pdf  used on input line 253.
(pdftex.def)             Requested size: 434.90039pt x 316.29956pt.

[13

 <../ConsumptionPostRetirement_by_SpouseDef_Cats/Smoothed/1/spouse_def_total_fo
odexp_away_real.pdf>]
(../Regression_Table/Def_1/1_test_total_education_real.tex)
<../ConsumptionPostRetirement_by_SpouseDef_Cats/Smoothed/1/spouse_def_total_edu
cation_real.pdf, id=299, 397.485pt x 289.08pt>
File: ../ConsumptionPostRetirement_by_SpouseDef_Cats/Smoothed/1/spouse_def_tota
l_education_real.pdf Graphic file (type pdf)
<use ../ConsumptionPostRetirement_by_SpouseDef_Cats/Smoothed/1/spouse_def_total
_education_real.pdf>
Package pdftex.def Info: ../ConsumptionPostRetirement_by_SpouseDef_Cats/Smoothe
d/1/spouse_def_total_education_real.pdf  used on input line 266.
(pdftex.def)             Requested size: 434.90039pt x 316.29956pt.
 [14

 <../ConsumptionPostRetirement_by_SpouseDef_Cats/Smoothed/1/spouse_def_total_ed
ucation_real.pdf>] (../Regression_Table/Def_1/1_test_total_healthexpense_real.t
ex)
<../ConsumptionPostRetirement_by_SpouseDef_Cats/Smoothed/1/spouse_def_total_hea
lthexpense_real.pdf, id=318, 397.485pt x 289.08pt>
File: ../ConsumptionPostRetirement_by_SpouseDef_Cats/Smoothed/1/spouse_def_tota
l_healthexpense_real.pdf Graphic file (type pdf)
<use ../ConsumptionPostRetirement_by_SpouseDef_Cats/Smoothed/1/spouse_def_total
_healthexpense_real.pdf>
Package pdftex.def Info: ../ConsumptionPostRetirement_by_SpouseDef_Cats/Smoothe
d/1/spouse_def_total_healthexpense_real.pdf  used on input line 281.
(pdftex.def)             Requested size: 434.90039pt x 316.29956pt.
 [15

 <../ConsumptionPostRetirement_by_SpouseDef_Cats/Smoothed/1/spouse_def_total_he
althexpense_real.pdf>] (../Regression_Table/Def_1/1_test_total_housing_real.tex
)
<../ConsumptionPostRetirement_by_SpouseDef_Cats/Smoothed/1/spouse_def_total_hou
sing_real.pdf, id=337, 397.485pt x 289.08pt>
File: ../ConsumptionPostRetirement_by_SpouseDef_Cats/Smoothed/1/spouse_def_tota
l_housing_real.pdf Graphic file (type pdf)
<use ../ConsumptionPostRetirement_by_SpouseDef_Cats/Smoothed/1/spouse_def_total
_housing_real.pdf>
Package pdftex.def Info: ../ConsumptionPostRetirement_by_SpouseDef_Cats/Smoothe
d/1/spouse_def_total_housing_real.pdf  used on input line 294.
(pdftex.def)             Requested size: 434.90039pt x 316.29956pt.

[16

 <../ConsumptionPostRetirement_by_SpouseDef_Cats/Smoothed/1/spouse_def_total_ho
using_real.pdf>] (../Regression_Table/Def_1/1_test_total_transport_real.tex)
<../ConsumptionPostRetirement_by_SpouseDef_Cats/Smoothed/1/spouse_def_total_tra
nsport_real.pdf, id=356, 397.485pt x 289.08pt>
File: ../ConsumptionPostRetirement_by_SpouseDef_Cats/Smoothed/1/spouse_def_tota
l_transport_real.pdf Graphic file (type pdf)
<use ../ConsumptionPostRetirement_by_SpouseDef_Cats/Smoothed/1/spouse_def_total
_transport_real.pdf>
Package pdftex.def Info: ../ConsumptionPostRetirement_by_SpouseDef_Cats/Smoothe
d/1/spouse_def_total_transport_real.pdf  used on input line 307.
(pdftex.def)             Requested size: 434.90039pt x 316.29956pt.
[17

 <../ConsumptionPostRetirement_by_SpouseDef_Cats/Smoothed/1/spouse_def_total_tr
ansport_real.pdf>]
(../Regression_Table/Def_1/1_test_total_recreation_2005_real.tex)
<../ConsumptionPostRetirement_by_SpouseDef_Cats/Smoothed/1/spouse_def_total_rec
reation_2005_real.pdf, id=375, 397.485pt x 289.08pt>
File: ../ConsumptionPostRetirement_by_SpouseDef_Cats/Smoothed/1/spouse_def_tota
l_recreation_2005_real.pdf Graphic file (type pdf)
<use ../ConsumptionPostRetirement_by_SpouseDef_Cats/Smoothed/1/spouse_def_total
_recreation_2005_real.pdf>
Package pdftex.def Info: ../ConsumptionPostRetirement_by_SpouseDef_Cats/Smoothe
d/1/spouse_def_total_recreation_2005_real.pdf  used on input line 320.
(pdftex.def)             Requested size: 434.90039pt x 316.29956pt.
 [18

 <../ConsumptionPostRetirement_by_SpouseDef_Cats/Smoothed/1/spouse_def_total_re
creation_2005_real.pdf>] (../Regression_Table/Def_1/1_test_total_clothing_2005_
real.tex)
<../ConsumptionPostRetirement_by_SpouseDef_Cats/Smoothed/1/spouse_def_total_clo
thing_2005_real.pdf, id=394, 397.485pt x 289.08pt>
File: ../ConsumptionPostRetirement_by_SpouseDef_Cats/Smoothed/1/spouse_def_tota
l_clothing_2005_real.pdf Graphic file (type pdf)
<use ../ConsumptionPostRetirement_by_SpouseDef_Cats/Smoothed/1/spouse_def_total
_clothing_2005_real.pdf>
Package pdftex.def Info: ../ConsumptionPostRetirement_by_SpouseDef_Cats/Smoothe
d/1/spouse_def_total_clothing_2005_real.pdf  used on input line 334.
(pdftex.def)             Requested size: 434.90039pt x 316.29956pt.

[19

 <../ConsumptionPostRetirement_by_SpouseDef_Cats/Smoothed/1/spouse_def_total_cl
othing_2005_real.pdf>]
Package atveryend Info: Empty hook `BeforeClearDocument' on input line 342.
Package atveryend Info: Empty hook `AfterLastShipout' on input line 342.
 (./Highlights_July25.aux)
Package atveryend Info: Executing hook `AtVeryEndDocument' on input line 342.
Package atveryend Info: Executing hook `AtEndAfterFileList' on input line 342.
Package rerunfilecheck Info: File `Highlights_July25.out' has not changed.
(rerunfilecheck)             Checksum: 114051832B3CD0F90672C944294B8DF3;1827.
Package atveryend Info: Empty hook `AtVeryVeryEnd' on input line 342.
 ) 
Here is how much of TeX's memory you used:
 15732 strings out of 492982
 267504 string characters out of 6136226
 358969 words of memory out of 5000000
 18905 multiletter control sequences out of 15000+600000
 11802 words of font info for 46 fonts, out of 8000000 for 9000
 1141 hyphenation exceptions out of 8191
 42i,10n,77p,399b,564s stack positions out of 5000i,500n,10000p,200000b,80000s
<c:/texlive/2017/texmf-dist/fonts/type1/public/amsfonts/cm/cmbx12.pfb><c:/tex
live/2017/texmf-dist/fonts/type1/public/amsfonts/cm/cmbx9.pfb><c:/texlive/2017/
texmf-dist/fonts/type1/public/amsfonts/cm/cmmi10.pfb><c:/texlive/2017/texmf-dis
t/fonts/type1/public/amsfonts/cm/cmr10.pfb><c:/texlive/2017/texmf-dist/fonts/ty
pe1/public/amsfonts/cm/cmr17.pfb><c:/texlive/2017/texmf-dist/fonts/type1/public
/amsfonts/cm/cmr9.pfb>
Output written on Highlights_July25.pdf (19 pages, 405974 bytes).
PDF statistics:
 452 PDF objects out of 1000 (max. 8388607)
 370 compressed objects within 4 object streams
 64 named destinations out of 1000 (max. 500000)
 254 words of extra memory for PDF output out of 10000 (max. 10000000)

