\BOOKMARK [1][-]{section.1}{Life Cycle Consumption Dynamics \(APC\)}{}% 1
\BOOKMARK [1][-]{section.2}{Life Cycle Consumption Dynamics \(with HH FE\)}{}% 2
\BOOKMARK [1][-]{section.3}{Consumption around Retirement}{}% 3
\BOOKMARK [1][-]{section.4}{Consumption around Retirement by Tertile Pre-2005}{}% 4
\BOOKMARK [1][-]{section.5}{Imputed Expenditure versus Sum of Categorical}{}% 5
\BOOKMARK [1][-]{section.6}{Sum of Categorical Expenditure}{}% 6
\BOOKMARK [2][-]{subsection.6.1}{Sum of Categorical Expenditure}{section.6}% 7
\BOOKMARK [1][-]{section.7}{Graphs for Categorical Expenditure}{}% 8
\BOOKMARK [1][-]{section.8}{Total Nondurable expenditure \(without Health Exp-Unsmoothed\) vs Sum of coefficients from categorical Expenditure}{}% 9
\BOOKMARK [1][-]{section.9}{Expenditure based on tertiles for spouse retirement\(smoothed\)}{}% 10
\BOOKMARK [1][-]{section.10}{Categorical Expenditure Based on Spouse Definition}{}% 11
\BOOKMARK [2][-]{subsection.10.1}{1- Ignoring the Spouse}{section.10}% 12
\BOOKMARK [2][-]{subsection.10.2}{2- Spouse Never Works}{section.10}% 13
\BOOKMARK [2][-]{subsection.10.3}{3- Spouse always works}{section.10}% 14
\BOOKMARK [2][-]{subsection.10.4}{4-Spouse has same retirement transition +/- wave}{section.10}% 15
\BOOKMARK [2][-]{subsection.10.5}{5-Spouse has different retirement transition}{section.10}% 16
\BOOKMARK [2][-]{subsection.10.6}{6-Spouse retires after the head}{section.10}% 17
\BOOKMARK [2][-]{subsection.10.7}{7 - Spouse retires before the head}{section.10}% 18
\BOOKMARK [2][-]{subsection.10.8}{8 - Head of the family is single}{section.10}% 19
\BOOKMARK [1][-]{section.11}{Imputed Earnings based on Social Security}{}% 20
