\BOOKMARK [1][-]{section.1}{Regression tables based on spouse definition - Ignoring the spouse}{}% 1
\BOOKMARK [2][-]{subsection.1.1}{Regression table with nondurables expenditure}{section.1}% 2
\BOOKMARK [1][-]{section.2}{IGNORING THE SPOUSE - Only FE in second column- no FE used with other dummies-Proportion of Average Earnings}{}% 3
\BOOKMARK [2][-]{subsection.2.1}{Regression table with nondurables expenditure }{section.2}% 4
\BOOKMARK [2][-]{subsection.2.2}{Regression table with nondurables expenditure w/o health expenditure}{section.2}% 5
\BOOKMARK [2][-]{subsection.2.3}{Regression table with nondurables expenditure without Health and Education Expenditure}{section.2}% 6
\BOOKMARK [1][-]{section.3}{IGNORING THE SPOUSE - Only FE in second column- no FE used with other dummies}{}% 7
\BOOKMARK [2][-]{subsection.3.1}{Regression table with nondurables expenditure }{section.3}% 8
\BOOKMARK [2][-]{subsection.3.2}{Regression table with nondurables expenditure w/o health expenditure}{section.3}% 9
\BOOKMARK [2][-]{subsection.3.3}{Regression table with nondurables expenditure without Health and Education Expenditure}{section.3}% 10
\BOOKMARK [2][-]{subsection.3.4}{Food at Home Expenditure}{section.3}% 11
\BOOKMARK [2][-]{subsection.3.5}{Food Away from Home Expenditure}{section.3}% 12
\BOOKMARK [2][-]{subsection.3.6}{Education Expenditure}{section.3}% 13
\BOOKMARK [2][-]{subsection.3.7}{Health Expenditure}{section.3}% 14
\BOOKMARK [2][-]{subsection.3.8}{Housing Expenditure}{section.3}% 15
\BOOKMARK [2][-]{subsection.3.9}{Nondurable Transportation Expenditure}{section.3}% 16
\BOOKMARK [2][-]{subsection.3.10}{Recreation Expenditure}{section.3}% 17
\BOOKMARK [2][-]{subsection.3.11}{Clothing Expenditure}{section.3}% 18
\BOOKMARK [1][-]{section.4}{Regression tables based on spouse definition - Def 2}{}% 19
\BOOKMARK [2][-]{subsection.4.1}{Regression table with nondurables expenditure}{section.4}% 20
\BOOKMARK [2][-]{subsection.4.2}{Regression table with nondurables expenditure w/o health expenditure}{section.4}% 21
\BOOKMARK [2][-]{subsection.4.3}{Regression table with nondurables expenditure without Health and Education Expenditure}{section.4}% 22
\BOOKMARK [2][-]{subsection.4.4}{Food at Home Expenditure}{section.4}% 23
\BOOKMARK [2][-]{subsection.4.5}{Food Away from Home Expenditure}{section.4}% 24
\BOOKMARK [2][-]{subsection.4.6}{Education Expenditure}{section.4}% 25
\BOOKMARK [2][-]{subsection.4.7}{Health Expenditure}{section.4}% 26
\BOOKMARK [2][-]{subsection.4.8}{Housing Expenditure}{section.4}% 27
\BOOKMARK [2][-]{subsection.4.9}{Nondurable Transportation Expenditure}{section.4}% 28
\BOOKMARK [2][-]{subsection.4.10}{Recreation Expenditure}{section.4}% 29
\BOOKMARK [2][-]{subsection.4.11}{Clothing Expenditure}{section.4}% 30
\BOOKMARK [1][-]{section.5}{Regression tables based on spouse definition - Def 3}{}% 31
\BOOKMARK [2][-]{subsection.5.1}{Regression table with nondurables expenditure}{section.5}% 32
\BOOKMARK [2][-]{subsection.5.2}{Regression table with nondurables expenditure w/o health expenditure}{section.5}% 33
\BOOKMARK [2][-]{subsection.5.3}{Regression table with nondurables expenditure without Health and Education Expenditure}{section.5}% 34
\BOOKMARK [2][-]{subsection.5.4}{Food at Home Expenditure}{section.5}% 35
\BOOKMARK [2][-]{subsection.5.5}{Food Away from Home Expenditure}{section.5}% 36
\BOOKMARK [2][-]{subsection.5.6}{Education Expenditure}{section.5}% 37
\BOOKMARK [2][-]{subsection.5.7}{Health Expenditure}{section.5}% 38
\BOOKMARK [2][-]{subsection.5.8}{Housing Expenditure}{section.5}% 39
\BOOKMARK [2][-]{subsection.5.9}{Nondurable Transportation Expenditure}{section.5}% 40
\BOOKMARK [2][-]{subsection.5.10}{Recreation Expenditure}{section.5}% 41
\BOOKMARK [2][-]{subsection.5.11}{Clothing Expenditure}{section.5}% 42
\BOOKMARK [1][-]{section.6}{Regression tables based on spouse definition - Def 8 - The head is single}{}% 43
\BOOKMARK [2][-]{subsection.6.1}{Regression table with nondurables expenditure}{section.6}% 44
\BOOKMARK [2][-]{subsection.6.2}{Regression table with nondurables expenditure w/o health expenditure}{section.6}% 45
\BOOKMARK [2][-]{subsection.6.3}{Regression table with nondurables expenditure without Health and Education Expenditure}{section.6}% 46
\BOOKMARK [2][-]{subsection.6.4}{Food at Home Expenditure}{section.6}% 47
\BOOKMARK [2][-]{subsection.6.5}{Food Away from Home Expenditure}{section.6}% 48
\BOOKMARK [2][-]{subsection.6.6}{Education Expenditure}{section.6}% 49
\BOOKMARK [2][-]{subsection.6.7}{Health Expenditure}{section.6}% 50
\BOOKMARK [2][-]{subsection.6.8}{Housing Expenditure}{section.6}% 51
\BOOKMARK [2][-]{subsection.6.9}{Nondurable Transportation Expenditure}{section.6}% 52
\BOOKMARK [2][-]{subsection.6.10}{Recreation Expenditure}{section.6}% 53
\BOOKMARK [2][-]{subsection.6.11}{Clothing Expenditure}{section.6}% 54
