\BOOKMARK [1][-]{section.1}{Regression tables based on spouse definition - Ignoring the spouse}{}% 1
\BOOKMARK [2][-]{subsection.1.1}{Regression table with nondurables expenditure}{section.1}% 2
\BOOKMARK [2][-]{subsection.1.2}{Regression table with nondurables expenditure w/o health expenditure}{section.1}% 3
\BOOKMARK [2][-]{subsection.1.3}{Regression table with nondurables expenditure without Health and Education Expenditure}{section.1}% 4
\BOOKMARK [2][-]{subsection.1.4}{Food at Home Expenditure}{section.1}% 5
\BOOKMARK [2][-]{subsection.1.5}{Food Away from Home Expenditure}{section.1}% 6
\BOOKMARK [2][-]{subsection.1.6}{Education Expenditure}{section.1}% 7
\BOOKMARK [2][-]{subsection.1.7}{Recreation Expenditure}{section.1}% 8
\BOOKMARK [2][-]{subsection.1.8}{Housing Expenditure}{section.1}% 9
\BOOKMARK [2][-]{subsection.1.9}{Nondurable Transportation Expenditure}{section.1}% 10
\BOOKMARK [2][-]{subsection.1.10}{Recreation Expenditure}{section.1}% 11
\BOOKMARK [2][-]{subsection.1.11}{Clothing Expenditure}{section.1}% 12
\BOOKMARK [1][-]{section.2}{Regression tables based on spouse definition - Spouse Always Works}{}% 13
\BOOKMARK [2][-]{subsection.2.1}{Regression table with nondurables expenditure}{section.2}% 14
\BOOKMARK [2][-]{subsection.2.2}{Regression table with nondurables expenditure w/o health expenditure}{section.2}% 15
\BOOKMARK [2][-]{subsection.2.3}{Regression table with nondurables expenditure without Health and Education Expenditure}{section.2}% 16
\BOOKMARK [2][-]{subsection.2.4}{Food at Home Expenditure}{section.2}% 17
\BOOKMARK [2][-]{subsection.2.5}{Food Away from Home Expenditure}{section.2}% 18
\BOOKMARK [2][-]{subsection.2.6}{Education Expenditure}{section.2}% 19
\BOOKMARK [2][-]{subsection.2.7}{Recreation Expenditure}{section.2}% 20
\BOOKMARK [2][-]{subsection.2.8}{Housing Expenditure}{section.2}% 21
\BOOKMARK [2][-]{subsection.2.9}{Nondurable Transportation Expenditure}{section.2}% 22
\BOOKMARK [2][-]{subsection.2.10}{Recreation Expenditure}{section.2}% 23
\BOOKMARK [2][-]{subsection.2.11}{Clothing Expenditure}{section.2}% 24
\BOOKMARK [1][-]{section.3}{Regression tables based on spouse definition - Spouse Never Works}{}% 25
\BOOKMARK [2][-]{subsection.3.1}{Regression table with nondurables expenditure}{section.3}% 26
\BOOKMARK [2][-]{subsection.3.2}{Regression table with nondurables expenditure w/o health expenditure}{section.3}% 27
\BOOKMARK [2][-]{subsection.3.3}{Regression table with nondurables expenditure without Health and Education Expenditure}{section.3}% 28
\BOOKMARK [2][-]{subsection.3.4}{Food at Home Expenditure}{section.3}% 29
\BOOKMARK [2][-]{subsection.3.5}{Food Away from Home Expenditure}{section.3}% 30
\BOOKMARK [2][-]{subsection.3.6}{Education Expenditure}{section.3}% 31
\BOOKMARK [2][-]{subsection.3.7}{Recreation Expenditure}{section.3}% 32
\BOOKMARK [2][-]{subsection.3.8}{Housing Expenditure}{section.3}% 33
\BOOKMARK [2][-]{subsection.3.9}{Nondurable Transportation Expenditure}{section.3}% 34
\BOOKMARK [2][-]{subsection.3.10}{Recreation Expenditure}{section.3}% 35
\BOOKMARK [2][-]{subsection.3.11}{Clothing Expenditure}{section.3}% 36
\BOOKMARK [1][-]{section.4}{Regression tables based on spouse definition - The head is single}{}% 37
\BOOKMARK [2][-]{subsection.4.1}{Regression table with nondurables expenditure}{section.4}% 38
\BOOKMARK [2][-]{subsection.4.2}{Regression table with nondurables expenditure w/o health expenditure}{section.4}% 39
\BOOKMARK [2][-]{subsection.4.3}{Regression table with nondurables expenditure without Health and Education Expenditure}{section.4}% 40
\BOOKMARK [2][-]{subsection.4.4}{Food at Home Expenditure}{section.4}% 41
\BOOKMARK [2][-]{subsection.4.5}{Food Away from Home Expenditure}{section.4}% 42
\BOOKMARK [2][-]{subsection.4.6}{Education Expenditure}{section.4}% 43
\BOOKMARK [2][-]{subsection.4.7}{Recreation Expenditure}{section.4}% 44
\BOOKMARK [2][-]{subsection.4.8}{Housing Expenditure}{section.4}% 45
\BOOKMARK [2][-]{subsection.4.9}{Nondurable Transportation Expenditure}{section.4}% 46
\BOOKMARK [2][-]{subsection.4.10}{Recreation Expenditure}{section.4}% 47
\BOOKMARK [2][-]{subsection.4.11}{Clothing Expenditure}{section.4}% 48
